<?xml version="1.0" encoding="UTF-8"?>
<!-- Generated by org.testng.reporters.JUnitReportReporter -->
<testsuite skipped="0" hostname="sudheer-PC" name="testng.DialogueAlertTest" tests="2" failures="0" timestamp="2019-10-15T16:53:24 IST" time="2.128" errors="0">
  <testcase name="alertmessage" time="0.014" classname="testng.DialogueAlertTest"/>
  <testcase name="alert" time="2.114" classname="testng.DialogueAlertTest"/>
</testsuite> <!-- testng.DialogueAlertTest -->
