<?xml version="1.0" encoding="UTF-8"?>
<!-- Generated by org.testng.reporters.JUnitReportReporter -->
<testsuite skipped="0" hostname="sudheer-PC" name="Selenium.MavenProject.DataproviderTest" tests="4" failures="0" timestamp="2019-10-14T17:08:20 IST" time="1.552" errors="0">
  <testcase name="test" time="0.372" classname="Selenium.MavenProject.DataproviderTest"/>
  <testcase name="test" time="0.522" classname="Selenium.MavenProject.DataproviderTest"/>
  <testcase name="test" time="0.325" classname="Selenium.MavenProject.DataproviderTest"/>
  <testcase name="test" time="0.333" classname="Selenium.MavenProject.DataproviderTest"/>
</testsuite> <!-- Selenium.MavenProject.DataproviderTest -->
