<?xml version="1.0" encoding="UTF-8"?>
<!-- Generated by org.testng.reporters.JUnitReportReporter -->
<testsuite skipped="0" hostname="sudheer-PC" name="Selenium.MavenProject.Dbconnection2" tests="1" failures="0" timestamp="2019-10-11T18:19:26 IST" time="13.595" errors="0">
  <testcase name="hrmslogin" time="13.595" classname="Selenium.MavenProject.Dbconnection2"/>
</testsuite> <!-- Selenium.MavenProject.Dbconnection2 -->
