<?xml version="1.0" encoding="UTF-8"?>
<!-- Generated by org.testng.reporters.JUnitReportReporter -->
<testsuite skipped="0" hostname="sudheer-PC" name="datadriven_scenarios.WritingDataInExistingSheet" tests="1" failures="0" timestamp="2019-10-17T14:04:23 IST" time="0.653" errors="0">
  <testcase name="Existing_sheet" time="0.653" classname="datadriven_scenarios.WritingDataInExistingSheet"/>
</testsuite> <!-- datadriven_scenarios.WritingDataInExistingSheet -->
