<?xml version="1.0" encoding="UTF-8"?>
<!-- Generated by org.testng.reporters.JUnitReportReporter -->
<testsuite skipped="0" hostname="sudheer-PC" name="datadriven_scenarios.DataproviderTest" tests="4" failures="0" timestamp="2019-10-15T16:53:24 IST" time="1.243" errors="0">
  <testcase name="test" time="0.312" classname="datadriven_scenarios.DataproviderTest"/>
  <testcase name="test" time="0.364" classname="datadriven_scenarios.DataproviderTest"/>
  <testcase name="test" time="0.284" classname="datadriven_scenarios.DataproviderTest"/>
  <testcase name="test" time="0.283" classname="datadriven_scenarios.DataproviderTest"/>
</testsuite> <!-- datadriven_scenarios.DataproviderTest -->
